TN:
SF:src/assets/ERC1155RWA.sol
DA:65,44
FN:65,ERC1155RWA.constructor
FNDA:44,ERC1155RWA.constructor
DA:66,44
DA:69,45
FN:69,ERC1155RWA.initialize
FNDA:45,ERC1155RWA.initialize
DA:70,44
BRDA:70,0,0,-
BRDA:70,0,1,44
DA:71,44
BRDA:71,1,0,-
BRDA:71,1,1,44
DA:73,44
DA:74,44
DA:75,44
DA:76,44
DA:77,44
DA:79,44
DA:80,44
DA:81,44
DA:82,44
DA:84,44
DA:87,17
FN:87,ERC1155RWA.mint
FNDA:17,ERC1155RWA.mint
DA:99,15
BRDA:99,2,0,1
BRDA:99,2,1,14
DA:101,14
DA:103,14
DA:104,14
DA:105,14
DA:107,14
BRDA:107,3,0,6
DA:108,6
DA:111,12
DA:113,12
DA:114,12
DA:117,2
FN:117,ERC1155RWA.batchMint
FNDA:2,ERC1155RWA.batchMint
DA:129,2
BRDA:129,4,0,1
BRDA:129,4,1,1
DA:136,1
DA:138,1
DA:139,2
BRDA:139,5,0,-
BRDA:139,5,1,2
DA:144,2
DA:146,2
DA:147,2
DA:148,2
DA:150,2
BRDA:150,6,0,2
DA:151,2
DA:158,2
DA:161,1
DA:162,1
DA:165,1
FN:165,ERC1155RWA.setRoyalties
FNDA:1,ERC1155RWA.setRoyalties
DA:170,9
BRDA:170,7,0,-
BRDA:170,7,1,9
DA:175,9
BRDA:175,8,0,-
BRDA:175,8,1,9
DA:176,9
BRDA:176,9,0,-
BRDA:176,9,1,9
DA:178,9
DA:179,9
DA:180,12
BRDA:180,10,0,1
BRDA:180,10,1,11
DA:181,11
DA:183,8
BRDA:183,11,0,1
BRDA:183,11,1,7
DA:185,7
DA:186,7
DA:187,7
DA:188,7
DA:190,7
DA:193,1
FN:193,ERC1155RWA.updateMetadataURI
FNDA:1,ERC1155RWA.updateMetadataURI
DA:197,1
BRDA:197,12,0,-
BRDA:197,12,1,1
DA:198,1
BRDA:198,13,0,-
BRDA:198,13,1,1
DA:199,1
DA:200,1
DA:203,1
FN:203,ERC1155RWA.royaltyInfo
FNDA:1,ERC1155RWA.royaltyInfo
DA:207,1
BRDA:207,14,0,-
BRDA:207,14,1,1
DA:208,1
DA:210,1
BRDA:210,15,0,1
DA:211,1
DA:212,1
DA:216,4
FN:216,ERC1155RWA.getRoyaltyDetails
FNDA:4,ERC1155RWA.getRoyaltyDetails
DA:224,4
BRDA:224,16,0,-
BRDA:224,16,1,4
DA:225,4
DA:227,4
DA:228,4
DA:230,4
DA:231,7
DA:234,4
DA:237,1
FN:237,ERC1155RWA.getOwnerTokens
FNDA:1,ERC1155RWA.getOwnerTokens
DA:244,1
DA:245,1
DA:246,1
DA:248,1
DA:249,3
BRDA:249,17,0,2
DA:250,2
DA:251,2
DA:252,2
DA:256,1
DA:257,1
DA:258,1
DA:259,2
DA:260,2
DA:264,8
FN:264,ERC1155RWA.getAssetInfo
FNDA:8,ERC1155RWA.getAssetInfo
DA:276,8
BRDA:276,18,0,1
BRDA:276,18,1,7
DA:277,7
DA:278,7
DA:286,3
FN:286,ERC1155RWA.getCurrentTokenId
FNDA:3,ERC1155RWA.getCurrentTokenId
DA:287,3
DA:290,29
FN:290,ERC1155RWA._exists
FNDA:29,ERC1155RWA._exists
DA:291,29
DA:294,3
FN:294,ERC1155RWA.uri
FNDA:3,ERC1155RWA.uri
DA:297,3
BRDA:297,19,0,1
BRDA:297,19,1,2
DA:298,2
DA:301,1
FN:301,ERC1155RWA.pause
FNDA:1,ERC1155RWA.pause
DA:302,1
DA:305,1
FN:305,ERC1155RWA.unpause
FNDA:1,ERC1155RWA.unpause
DA:306,1
DA:310,22
FN:310,ERC1155RWA._update
FNDA:22,ERC1155RWA._update
DA:321,22
DA:324,0
FN:324,ERC1155RWA.supportsInterface
FNDA:0,ERC1155RWA.supportsInterface
DA:332,0
DA:333,0
DA:334,0
FNF:17
FNH:16
LF:108
LH:104
BRF:36
BRH:26
end_of_record
TN:
SF:src/controllers/MarketplaceController.sol
DA:45,17
FN:45,MarketplaceController.constructor
FNDA:17,MarketplaceController.constructor
DA:46,17
BRDA:46,0,0,-
BRDA:46,0,1,17
DA:47,17
DA:48,17
DA:49,17
DA:56,3
FN:56,MarketplaceController.setFeeRecipient
FNDA:3,MarketplaceController.setFeeRecipient
DA:60,2
BRDA:60,1,0,-
BRDA:60,1,1,2
DA:61,2
BRDA:61,2,0,1
BRDA:61,2,1,1
DA:63,1
DA:64,1
DA:71,4
FN:71,MarketplaceController.setProtocolFee
FNDA:4,MarketplaceController.setProtocolFee
DA:75,2
BRDA:75,3,0,-
BRDA:75,3,1,2
DA:76,2
BRDA:76,4,0,1
BRDA:76,4,1,1
DA:78,1
DA:79,1
DA:87,24
FN:87,MarketplaceController.setAcceptedToken
FNDA:24,MarketplaceController.setAcceptedToken
DA:92,23
BRDA:92,5,0,-
BRDA:92,5,1,23
DA:93,23
BRDA:93,6,0,1
BRDA:93,6,1,22
DA:95,22
DA:96,22
DA:102,1
FN:102,MarketplaceController.pauseMarketplace
FNDA:1,MarketplaceController.pauseMarketplace
DA:105,0
BRDA:105,7,0,-
BRDA:105,7,1,-
DA:107,0
DA:108,0
DA:114,0
FN:114,MarketplaceController.unpauseMarketplace
FNDA:0,MarketplaceController.unpauseMarketplace
DA:117,0
BRDA:117,8,0,-
BRDA:117,8,1,-
DA:119,0
DA:120,0
FNF:6
FNH:5
LF:28
LH:21
BRF:18
BRH:10
end_of_record
TN:
SF:src/controllers/UpgradableBeaconController.sol
DA:29,29
FN:29,UpgradableBeaconController.isValidImplementation
FNDA:29,UpgradableBeaconController.isValidImplementation
DA:30,29
BRDA:30,0,0,1
BRDA:30,0,1,1
DA:38,27
FN:38,UpgradableBeaconController.isValidName
FNDA:27,UpgradableBeaconController.isValidName
DA:39,27
BRDA:39,1,0,1
BRDA:39,1,1,26
DA:53,29
FN:53,UpgradableBeaconController.deployUpgradeableBeacon
FNDA:29,UpgradableBeaconController.deployUpgradeableBeacon
DA:63,26
DA:67,26
DA:68,26
DA:69,26
DA:82,2
FN:82,UpgradableBeaconController.upgrade
FNDA:2,UpgradableBeaconController.upgrade
DA:86,1
DA:87,1
DA:88,1
DA:90,1
DA:98,1
FN:98,UpgradableBeaconController.getImplementation
FNDA:1,UpgradableBeaconController.getImplementation
DA:101,1
DA:110,0
FN:110,UpgradableBeaconController.getBeacon
FNDA:0,UpgradableBeaconController.getBeacon
DA:111,0
FNF:6
FNH:5
LF:18
LH:16
BRF:4
BRH:4
end_of_record
TN:
SF:src/controllers/VaultController.sol
DA:49,0
FN:49,VaultController.constructor
FNDA:0,VaultController.constructor
DA:50,0
BRDA:50,0,0,-
DA:51,0
DA:52,0
DA:55,0
FN:55,VaultController.setRegistries
FNDA:0,VaultController.setRegistries
DA:62,0
DA:63,0
DA:64,0
DA:65,0
DA:66,0
BRDA:66,1,0,-
DA:68,0
DA:69,0
DA:70,0
DA:71,0
DA:73,0
DA:81,0
FN:81,VaultController.deployNewVault
FNDA:0,VaultController.deployNewVault
DA:90,0
DA:93,0
BRDA:93,2,0,-
DA:96,0
DA:107,0
DA:109,0
DA:119,0
DA:120,0
DA:121,0
DA:122,0
DA:126,0
DA:129,0
DA:130,0
DA:135,0
DA:136,0
DA:151,0
FN:151,VaultController.deployAndAddModule
FNDA:0,VaultController.deployAndAddModule
DA:161,0
DA:172,0
DA:175,0
FN:175,VaultController.getVaultInfo
FNDA:0,VaultController.getVaultInfo
DA:178,0
DA:181,0
FN:181,VaultController.getModuleInfo
FNDA:0,VaultController.getModuleInfo
DA:184,0
DA:187,0
FN:187,VaultController.getContractInfo
FNDA:0,VaultController.getContractInfo
DA:190,0
DA:193,0
FN:193,VaultController._deployAndAddModule
FNDA:0,VaultController._deployAndAddModule
FNF:8
FNH:0
LF:40
LH:0
BRF:3
BRH:0
end_of_record
TN:
SF:src/factories/MomintFactory.sol
DA:40,0
FN:40,MomintFactory.deploy
FNDA:0,MomintFactory.deploy
DA:43,0
BRDA:43,0,0,-
DA:45,0
BRDA:45,1,0,-
BRDA:45,1,1,-
DA:46,0
DA:52,0
DA:59,0
DA:60,0
DA:64,0
FN:64,MomintFactory._deployClone
FNDA:0,MomintFactory._deployClone
DA:69,0
DA:71,0
BRDA:71,2,0,-
DA:73,0
DA:74,0
BRDA:74,3,0,-
DA:77,0
DA:81,0
FN:81,MomintFactory._deployDirect
FNDA:0,MomintFactory._deployDirect
DA:86,0
DA:89,0
DA:90,0
BRDA:90,4,0,-
DA:91,0
DA:95,0
DA:99,0
FN:99,MomintFactory.predictDeploymentAddress
FNDA:0,MomintFactory.predictDeploymentAddress
DA:104,0
DA:105,0
DA:113,0
FNF:4
FNH:0
LF:23
LH:0
BRF:6
BRH:0
end_of_record
TN:
SF:src/libraries/ModuleMath.sol
DA:7,0
FN:7,ModuleMath.calculateInvestment
FNDA:0,ModuleMath.calculateInvestment
DA:11,0
DA:12,0
DA:13,0
DA:16,0
FN:16,ModuleMath.calculateRewards
FNDA:0,ModuleMath.calculateRewards
DA:21,0
DA:22,0
DA:23,0
DA:28,0
FN:28,ModuleMath.calculateNewRevenuePerShare
FNDA:0,ModuleMath.calculateNewRevenuePerShare
DA:32,0
BRDA:32,0,0,-
DA:33,0
DA:36,2
FN:36,ModuleMath.calculateRewardDebt
FNDA:2,ModuleMath.calculateRewardDebt
DA:40,2
FNF:4
FNH:1
LF:13
LH:2
BRF:1
BRH:0
end_of_record
TN:
SF:src/libraries/VaultHelper.sol
DA:40,18
FN:40,VaultHelper.addOrReplaceModule
FNDA:18,VaultHelper.addOrReplaceModule
DA:46,18
DA:48,18
DA:49,0
BRDA:49,0,0,-
DA:52,18
BRDA:52,1,0,18
DA:53,18
DA:54,0
BRDA:54,2,0,-
DA:55,0
DA:58,0
DA:64,0
BRDA:64,3,0,-
BRDA:64,3,1,-
DA:65,0
BRDA:65,4,0,-
DA:68,0
DA:69,0
DA:70,0
BRDA:70,5,0,-
DA:72,0
DA:73,0
DA:76,18
DA:77,18
DA:80,18
DA:81,18
DA:84,0
FN:84,VaultHelper.removeModule
FNDA:0,VaultHelper.removeModule
DA:85,0
DA:86,0
BRDA:86,6,0,-
DA:90,0
DA:91,0
DA:96,0
FN:96,VaultHelper.getActiveModules
FNDA:0,VaultHelper.getActiveModules
DA:99,0
DA:100,0
DA:102,0
DA:103,0
BRDA:103,7,0,-
DA:104,0
DA:108,0
DA:109,0
DA:111,0
DA:112,0
BRDA:112,8,0,-
DA:113,0
DA:114,0
DA:119,32
FN:119,VaultHelper.validateVaultParameters
FNDA:32,VaultHelper.validateVaultParameters
DA:125,32
BRDA:125,9,0,-
DA:126,0
DA:129,32
DA:133,32
DA:139,32
FN:139,VaultHelper.validateAndSetFees
FNDA:32,VaultHelper.validateAndSetFees
DA:145,32
DA:146,32
DA:147,32
DA:148,0
BRDA:148,10,0,-
DA:149,0
DA:153,32
DA:154,32
DA:155,32
FNF:5
FNH:3
LF:51
LH:20
BRF:12
BRH:1
end_of_record
TN:
SF:src/marketplace/Marketplace.sol
DA:81,27
FN:81,Marketplace.constructor
FNDA:27,Marketplace.constructor
DA:82,27
DA:85,24
FN:85,Marketplace.initialize
FNDA:24,Marketplace.initialize
DA:90,21
BRDA:90,0,0,-
DA:91,21
BRDA:91,1,0,-
DA:92,21
BRDA:92,2,0,-
DA:94,21
DA:95,21
DA:96,21
DA:98,21
DA:99,21
DA:100,21
DA:101,21
DA:105,1
FN:105,Marketplace.setProtocolFee
FNDA:1,Marketplace.setProtocolFee
DA:106,1
BRDA:106,3,0,-
DA:107,1
DA:110,1
FN:110,Marketplace.setFeeRecipient
FNDA:1,Marketplace.setFeeRecipient
DA:111,1
BRDA:111,4,0,-
DA:112,1
DA:115,22
FN:115,Marketplace.setAcceptedToken
FNDA:22,Marketplace.setAcceptedToken
DA:116,22
BRDA:116,5,0,-
DA:117,22
DA:118,22
DA:121,0
FN:121,Marketplace.toggleEmergencyStop
FNDA:0,Marketplace.toggleEmergencyStop
DA:122,0
DA:123,0
DA:127,3
FN:127,Marketplace.createListing
FNDA:3,Marketplace.createListing
DA:133,0
BRDA:133,6,0,-
DA:134,3
BRDA:134,7,0,-
DA:135,3
BRDA:135,8,0,-
DA:136,3
BRDA:136,9,0,-
DA:138,3
DA:139,0
BRDA:139,10,0,-
DA:144,3
DA:146,3
DA:156,3
DA:164,3
DA:173,3
DA:176,1
FN:176,Marketplace.cancelListing
FNDA:1,Marketplace.cancelListing
DA:179,0
BRDA:179,11,0,-
DA:181,1
DA:182,1
BRDA:182,12,0,-
DA:183,1
BRDA:183,13,0,-
DA:185,1
DA:188,1
DA:196,1
DA:199,1
FN:199,Marketplace.buyTokens
FNDA:1,Marketplace.buyTokens
DA:203,0
BRDA:203,14,0,-
DA:205,1
DA:206,1
BRDA:206,15,0,-
DA:207,1
BRDA:207,16,0,-
DA:209,1
DA:212,1
DA:221,1
DA:222,1
BRDA:222,17,0,-
DA:223,0
DA:226,1
DA:235,0
FN:235,Marketplace.batchBuyTokens
FNDA:0,Marketplace.batchBuyTokens
DA:239,0
BRDA:239,18,0,-
DA:240,0
BRDA:240,19,0,-
DA:242,0
DA:243,0
DA:248,1
FN:248,Marketplace._handlePayment
FNDA:1,Marketplace._handlePayment
DA:253,1
DA:254,1
DA:255,1
DA:258,1
DA:261,1
DA:265,1
DA:268,1
BRDA:268,20,0,1
DA:269,1
DA:274,1
BRDA:274,21,0,-
DA:276,1
DA:277,1
DA:281,1
DA:282,1
DA:283,2
BRDA:283,22,0,2
DA:284,2
DA:289,2
BRDA:289,23,0,-
DA:291,2
DA:292,2
DA:295,1
DA:298,1
DA:303,1
BRDA:303,24,0,-
DA:305,1
DA:308,0
FN:308,Marketplace._processPurchase
FNDA:0,Marketplace._processPurchase
DA:309,0
DA:310,0
BRDA:310,25,0,-
DA:311,0
BRDA:311,26,0,-
DA:313,0
DA:316,0
DA:325,0
DA:326,0
BRDA:326,27,0,-
DA:327,0
DA:330,0
DA:340,0
FN:340,Marketplace.emergencyWithdraw
FNDA:0,Marketplace.emergencyWithdraw
DA:345,0
BRDA:345,28,0,-
DA:347,0
BRDA:347,29,0,-
BRDA:347,29,1,-
DA:348,0
DA:349,0
BRDA:349,30,0,-
DA:351,0
DA:362,0
FN:362,Marketplace.pause
FNDA:0,Marketplace.pause
DA:363,0
DA:366,0
FN:366,Marketplace.unpause
FNDA:0,Marketplace.unpause
DA:367,0
FNF:15
FNH:9
LF:105
LH:72
BRF:32
BRH:2
end_of_record
TN:
SF:src/modules/SPModule.sol
DA:63,10
FN:63,SPModule.onlyVault
FNDA:10,SPModule.onlyVault
DA:64,10
BRDA:64,0,0,-
DA:68,78
FN:68,SPModule.constructor
FNDA:78,SPModule.constructor
DA:78,78
DA:79,78
DA:86,78
DA:87,78
DA:88,78
DA:90,78
DA:102,78
DA:103,78
DA:107,10
FN:107,SPModule.invest
FNDA:10,SPModule.invest
DA:111,10
BRDA:111,1,0,-
DA:112,10
BRDA:112,2,0,-
DA:114,10
DA:117,10
DA:120,10
DA:122,10
BRDA:122,3,0,1
DA:123,9
BRDA:123,4,0,-
DA:126,9
DA:128,9
DA:129,9
DA:132,2
FN:132,SPModule.divest
FNDA:2,SPModule.divest
DA:137,2
BRDA:137,5,0,-
DA:138,2
BRDA:138,6,0,-
DA:141,2
DA:144,2
DA:147,2
DA:150,2
DA:153,2
DA:155,2
DA:156,0
DA:159,0
FN:159,SPModule.mintShares
FNDA:0,SPModule.mintShares
DA:160,0
DA:161,0
DA:164,0
FN:164,SPModule.distributeRevenue
FNDA:0,SPModule.distributeRevenue
DA:165,0
BRDA:165,7,0,-
DA:166,0
BRDA:166,8,0,-
DA:167,0
BRDA:167,9,0,-
DA:169,0
DA:174,0
DA:175,0
DA:179,0
FN:179,SPModule.isSingleProject
FNDA:0,SPModule.isSingleProject
DA:180,0
DA:183,0
FN:183,SPModule.getActiveProjectId
FNDA:0,SPModule.getActiveProjectId
DA:189,0
DA:192,0
FN:192,SPModule.nftContract
FNDA:0,SPModule.nftContract
DA:193,0
DA:196,0
FN:196,SPModule.vault
FNDA:0,SPModule.vault
DA:197,0
DA:200,10
FN:200,SPModule.getProjectInfo
FNDA:10,SPModule.getProjectInfo
DA:201,10
DA:204,1
FN:204,SPModule.getUserInvestment
FNDA:1,SPModule.getUserInvestment
DA:211,1
DA:212,1
DA:219,6
FN:219,SPModule.getAllocatedShares
FNDA:6,SPModule.getAllocatedShares
DA:220,6
DA:223,7
FN:223,SPModule.getAvailableShares
FNDA:7,SPModule.getAvailableShares
DA:224,7
DA:227,13
FN:227,SPModule.getTotalShares
FNDA:13,SPModule.getTotalShares
DA:228,13
DA:231,0
FN:231,SPModule.getUserReturns
FNDA:0,SPModule.getUserReturns
DA:232,0
DA:235,7
FN:235,SPModule.getUserShares
FNDA:7,SPModule.getUserShares
DA:236,7
DA:240,0
FN:240,SPModule._setupInitialState
FNDA:0,SPModule._setupInitialState
DA:249,0
DA:250,0
DA:251,0
DA:253,0
DA:265,0
DA:266,0
DA:267,0
DA:270,9
FN:270,SPModule._updateInvestmentState
FNDA:9,SPModule._updateInvestmentState
DA:275,9
DA:276,9
DA:277,9
DA:278,9
DA:279,9
DA:282,2
FN:282,SPModule._updateDivestmentState
FNDA:2,SPModule._updateDivestmentState
DA:287,2
DA:288,2
DA:289,2
DA:290,2
DA:291,2
DA:294,0
FN:294,SPModule._updateRevenueState
FNDA:0,SPModule._updateRevenueState
DA:298,0
DA:299,0
DA:300,0
DA:303,2
FN:303,SPModule._updateRewardDebt
FNDA:2,SPModule._updateRewardDebt
DA:304,2
DA:305,2
DA:311,2
FN:311,SPModule._validateDivestment
FNDA:2,SPModule._validateDivestment
DA:312,2
DA:313,2
BRDA:313,10,0,-
DA:314,2
DA:315,0
BRDA:315,11,0,-
DA:318,78
FN:318,SPModule._validateInitialization
FNDA:78,SPModule._validateInitialization
DA:325,78
BRDA:325,12,0,-
DA:326,78
BRDA:326,13,0,-
DA:327,78
BRDA:327,14,0,-
DA:328,78
BRDA:328,15,0,-
DA:329,78
BRDA:329,16,0,-
DA:333,80
FN:333,SPModule._update
FNDA:80,SPModule._update
DA:339,80
DA:342,0
FN:342,SPModule.supportsInterface
FNDA:0,SPModule.supportsInterface
DA:350,0
DA:351,0
DA:352,0
FNF:26
FNH:16
LF:109
LH:71
BRF:17
BRH:1
end_of_record
TN:
SF:src/storage/ContractStorage.sol
DA:38,0
FN:38,ContractStorage.addContract
FNDA:0,ContractStorage.addContract
DA:42,0
BRDA:42,0,0,-
DA:43,0
DA:46,0
DA:47,0
DA:48,0
DA:50,0
DA:56,0
FN:56,ContractStorage.removeContract
FNDA:0,ContractStorage.removeContract
DA:57,0
BRDA:57,1,0,-
DA:58,0
DA:60,0
DA:61,0
DA:62,0
DA:63,0
DA:65,0
DA:66,0
DA:67,0
DA:68,0
BRDA:68,2,0,-
DA:69,0
DA:70,0
DA:73,0
DA:77,0
DA:78,0
DA:84,0
FN:84,ContractStorage.getContract
FNDA:0,ContractStorage.getContract
DA:87,0
FNF:3
FNH:0
LF:25
LH:0
BRF:3
BRH:0
end_of_record
TN:
SF:src/storage/ModuleStorage.sol
DA:33,0
FN:33,ModuleStorage.storeModule
FNDA:0,ModuleStorage.storeModule
DA:38,0
DA:39,0
BRDA:39,0,0,-
DA:41,0
DA:43,0
DA:51,0
DA:52,0
DA:54,0
DA:57,0
FN:57,ModuleStorage.removeModule
FNDA:0,ModuleStorage.removeModule
DA:58,0
DA:59,0
BRDA:59,1,0,-
DA:60,0
DA:61,0
DA:64,0
FN:64,ModuleStorage.getAllModules
FNDA:0,ModuleStorage.getAllModules
DA:65,0
DA:66,0
DA:67,0
DA:69,0
DA:72,0
FN:72,ModuleStorage.getModule
FNDA:0,ModuleStorage.getModule
DA:75,0
DA:78,0
FN:78,ModuleStorage.getVaultModules
FNDA:0,ModuleStorage.getVaultModules
DA:81,0
DA:82,0
DA:85,0
DA:86,0
DA:88,0
FNF:5
FNH:0
LF:26
LH:0
BRF:2
BRH:0
end_of_record
TN:
SF:src/storage/VaultStorage.sol
DA:25,0
FN:25,VaultStorage.storeVault
FNDA:0,VaultStorage.storeVault
DA:30,0
DA:31,0
BRDA:31,0,0,-
DA:33,0
DA:40,0
DA:42,0
DA:45,0
FN:45,VaultStorage.removeVault
FNDA:0,VaultStorage.removeVault
DA:46,0
BRDA:46,1,0,-
DA:47,0
DA:48,0
DA:51,0
FN:51,VaultStorage.getAllVaults
FNDA:0,VaultStorage.getAllVaults
DA:52,0
DA:53,0
DA:54,0
DA:56,0
DA:59,0
FN:59,VaultStorage.getActiveVaults
FNDA:0,VaultStorage.getActiveVaults
DA:60,0
DA:61,0
DA:62,0
BRDA:62,2,0,-
DA:65,0
DA:66,0
DA:67,0
DA:68,0
BRDA:68,3,0,-
DA:69,0
DA:70,0
DA:73,0
DA:76,0
FN:76,VaultStorage.getVault
FNDA:0,VaultStorage.getVault
DA:77,0
FNF:5
FNH:0
LF:28
LH:0
BRF:4
BRH:0
end_of_record
TN:
SF:src/vault/MomintVault.sol
DA:115,37
FN:115,MomintVault.constructor
FNDA:37,MomintVault.constructor
DA:116,37
DA:120,38
FN:120,MomintVault.initialize
FNDA:38,MomintVault.initialize
DA:123,37
DA:124,32
DA:125,32
DA:128,37
FN:128,MomintVault._validateInitParams
FNDA:37,MomintVault._validateInitParams
DA:129,37
DA:130,1
BRDA:130,0,0,1
DA:131,36
BRDA:131,1,0,1
DA:133,35
BRDA:133,2,0,1
BRDA:133,2,1,34
DA:137,34
BRDA:137,3,0,1
BRDA:137,3,1,33
DA:141,33
BRDA:141,4,0,1
BRDA:141,4,1,32
DA:147,32
FN:147,MomintVault._initializeCore
FNDA:32,MomintVault._initializeCore
DA:148,32
DA:149,32
DA:150,32
DA:151,32
DA:152,32
DA:153,32
DA:154,32
DA:161,32
DA:162,32
DA:163,32
DA:166,1
FN:166,MomintVault.decimals
FNDA:1,MomintVault.decimals
DA:167,1
DA:170,1
FN:170,MomintVault.pause
FNDA:1,MomintVault.pause
DA:171,1
DA:174,0
FN:174,MomintVault.unpause
FNDA:0,MomintVault.unpause
DA:175,0
DA:179,0
FN:179,MomintVault.deposit
FNDA:0,MomintVault.deposit
DA:183,0
DA:186,14
FN:186,MomintVault.deposit
FNDA:14,MomintVault.deposit
DA:191,13
DA:193,10
DA:196,10
DA:199,10
DA:201,9
DA:202,9
DA:205,10
FN:205,MomintVault._handleFees
FNDA:10,MomintVault._handleFees
DA:206,10
DA:212,10
BRDA:212,5,0,10
DA:213,10
BRDA:213,6,0,-
BRDA:213,6,1,10
DA:217,10
DA:220,10
DA:223,10
FN:223,MomintVault._processDeposit
FNDA:10,MomintVault._processDeposit
DA:228,10
DA:230,10
BRDA:230,7,0,-
DA:231,0
DA:234,10
DA:237,10
DA:242,9
BRDA:242,8,0,-
BRDA:242,8,1,9
DA:248,9
BRDA:248,9,0,3
DA:249,3
DA:250,3
DA:253,9
DA:256,9
DA:257,9
DA:259,9
DA:261,9
DA:262,9
DA:264,9
DA:267,13
FN:267,MomintVault._validateDepositParams
FNDA:13,MomintVault._validateDepositParams
DA:272,13
BRDA:272,10,0,1
DA:273,12
BRDA:273,11,0,1
DA:274,11
BRDA:274,12,0,-
DA:276,11
DA:277,10
BRDA:277,13,0,-
DA:281,0
FN:281,MomintVault.withdraw
FNDA:0,MomintVault.withdraw
DA:282,0
DA:285,2
FN:285,MomintVault.withdraw
FNDA:2,MomintVault.withdraw
DA:289,2
BRDA:289,14,0,-
DA:290,2
BRDA:290,15,0,-
DA:291,2
BRDA:291,16,0,-
DA:292,2
BRDA:292,17,0,-
DA:294,2
DA:295,2
BRDA:295,18,0,-
DA:298,2
DA:299,2
BRDA:299,19,0,-
DA:301,2
DA:307,2
DA:310,2
BRDA:310,20,0,1
DA:311,1
DA:314,1
DA:316,1
BRDA:316,21,0,1
DA:317,1
DA:320,1
DA:322,1
DA:323,1
DA:327,31
FN:327,MomintVault.updateLiquidityRatios
FNDA:31,MomintVault.updateLiquidityRatios
DA:331,31
BRDA:331,22,0,-
BRDA:331,22,1,31
DA:335,31
BRDA:335,23,0,-
BRDA:335,23,1,31
DA:339,31
BRDA:339,24,0,-
BRDA:339,24,1,31
DA:344,31
BRDA:344,25,0,-
DA:345,0
BRDA:345,26,0,-
BRDA:345,26,1,-
DA:351,31
DA:352,31
DA:354,31
DA:357,3
FN:357,MomintVault._checkLiquidity
FNDA:3,MomintVault._checkLiquidity
DA:360,3
DA:361,3
DA:363,3
DA:366,9
FN:366,MomintVault._allocateToOwner
FNDA:9,MomintVault._allocateToOwner
DA:367,9
DA:368,9
DA:369,9
DA:373,7
FN:373,MomintVault.distributeReturns
FNDA:7,MomintVault.distributeReturns
DA:377,7
BRDA:377,27,0,-
DA:378,7
DA:379,7
DA:380,7
DA:382,7
BRDA:382,28,0,-
DA:383,0
DA:386,7
DA:388,7
DA:389,7
DA:390,7
DA:391,7
DA:392,7
DA:394,7
DA:396,7
DA:399,7
FN:399,MomintVault.claimReturns
FNDA:7,MomintVault.claimReturns
DA:403,7
BRDA:403,29,0,-
DA:404,7
BRDA:404,30,0,1
DA:406,6
DA:407,1
BRDA:407,31,0,1
DA:409,5
DA:410,5
DA:411,5
BRDA:411,32,0,1
DA:413,4
DA:414,4
DA:416,4
BRDA:416,33,0,-
DA:418,4
DA:419,4
DA:421,4
DA:423,4
DA:424,4
DA:427,1
FN:427,MomintVault.claimOwnerAllocation
FNDA:1,MomintVault.claimOwnerAllocation
DA:428,1
DA:429,1
BRDA:429,34,0,-
BRDA:429,34,1,1
DA:434,1
DA:435,1
DA:436,1
DA:438,1
DA:440,1
DA:445,1
BRDA:445,36,0,-
BRDA:445,36,1,1
DA:447,1
DA:448,1
DA:450,1
DA:454,19
FN:454,MomintVault.addModule
FNDA:19,MomintVault.addModule
DA:459,19
DA:460,1
BRDA:460,37,0,1
DA:461,18
BRDA:461,38,0,-
DA:463,18
DA:464,18
DA:466,18
DA:473,18
BRDA:473,39,0,-
DA:474,0
DA:476,18
DA:483,1
FN:483,MomintVault.removeModule
FNDA:1,MomintVault.removeModule
DA:484,1
DA:485,1
BRDA:485,40,0,-
DA:487,1
DA:488,1
DA:490,1
BRDA:490,41,0,-
DA:491,0
DA:493,1
DA:495,1
DA:499,3
FN:499,MomintVault.getModule
FNDA:3,MomintVault.getModule
DA:500,3
BRDA:500,42,0,1
DA:501,2
DA:504,2
FN:504,MomintVault.getModulesLength
FNDA:2,MomintVault.getModulesLength
DA:505,2
DA:508,2
FN:508,MomintVault.getVaultFees
FNDA:2,MomintVault.getVaultFees
DA:509,2
DA:512,2
FN:512,MomintVault.getLiquidityRatios
FNDA:2,MomintVault.getLiquidityRatios
DA:522,2
DA:530,0
FN:530,MomintVault.getClaimableReturns
FNDA:0,MomintVault.getClaimableReturns
DA:535,0
DA:537,0
DA:541,0
DA:542,0
DA:544,0
DA:545,0
DA:548,0
FN:548,MomintVault.hasUserClaimed
FNDA:0,MomintVault.hasUserClaimed
DA:552,0
DA:555,4
FN:555,MomintVault.getEpochInfo
FNDA:4,MomintVault.getEpochInfo
DA:562,4
DA:563,4
DA:567,0
FN:567,MomintVault._convertToAssets
FNDA:0,MomintVault._convertToAssets
DA:571,0
DA:572,0
DA:573,0
DA:582,0
FN:582,MomintVault._convertToShares
FNDA:0,MomintVault._convertToShares
DA:586,0
DA:587,0
DA:588,0
DA:597,2
FN:597,MomintVault.setVaultFees
FNDA:2,MomintVault.setVaultFees
DA:598,1
DA:599,1
FNF:32
FNH:25
LF:200
LH:172
BRF:53
BRH:26
end_of_record
TN:
SF:test/mocks/MockERC20.sol
DA:10,0
FN:10,MockERC20.constructor
FNDA:0,MockERC20.constructor
DA:15,0
DA:18,0
FN:18,MockERC20.decimals
FNDA:0,MockERC20.decimals
DA:19,0
DA:22,0
FN:22,MockERC20.mint
FNDA:0,MockERC20.mint
DA:23,0
DA:26,0
FN:26,MockERC20.burn
FNDA:0,MockERC20.burn
DA:27,0
FNF:4
FNH:0
LF:8
LH:0
BRF:0
BRH:0
end_of_record
TN:
SF:test/utils/Styles.sol
DA:8,24
FN:8,Styles.h1
FNDA:24,Styles.h1
DA:9,24
DA:12,47
FN:12,Styles.h2
FNDA:47,Styles.h2
DA:13,47
DA:16,115
FN:16,Styles.p
FNDA:115,Styles.p
DA:17,115
DA:20,0
FN:20,Styles.data
FNDA:0,Styles.data
DA:21,0
FNF:4
FNH:3
LF:8
LH:6
BRF:0
BRH:0
end_of_record
